INFO  08:39:55 Application started. Press Ctrl+C to shut down.
INFO  08:39:55 Application started. Press Ctrl+C to shut down.
INFO  08:39:55 Hosting environment: Development
INFO  08:39:55 Hosting environment: Development
INFO  08:39:55 Content root path: C:\Users\mansi\source\repos\MFPE_CustomerApi
INFO  08:39:55 Content root path: C:\Users\mansi\source\repos\MFPE_CustomerApi
INFO  08:40:39 Post Initiated
INFO  08:40:54 Get By Id Initiated
INFO  08:41:09 Get By Id Initiated
INFO  10:53:36 Application started. Press Ctrl+C to shut down.
INFO  10:53:36 Application started. Press Ctrl+C to shut down.
INFO  10:53:36 Hosting environment: Development
INFO  10:53:36 Hosting environment: Development
INFO  10:53:36 Content root path: C:\Users\mansi\source\repos\MFPE_CustomerApi
INFO  10:53:36 Content root path: C:\Users\mansi\source\repos\MFPE_CustomerApi
INFO  10:53:43 Get Api Initiated
INFO  10:59:53 Application started. Press Ctrl+C to shut down.
INFO  10:59:53 Application started. Press Ctrl+C to shut down.
INFO  10:59:53 Hosting environment: Development
INFO  10:59:53 Hosting environment: Development
INFO  10:59:53 Content root path: C:\Users\mansi\source\repos\MFPE_CustomerApi
INFO  10:59:53 Content root path: C:\Users\mansi\source\repos\MFPE_CustomerApi
INFO  11:00:07 Get Api Initiated
INFO  11:06:02 Application started. Press Ctrl+C to shut down.
INFO  11:06:02 Application started. Press Ctrl+C to shut down.
INFO  11:06:02 Hosting environment: Development
INFO  11:06:02 Hosting environment: Development
INFO  11:06:02 Content root path: C:\Users\mansi\source\repos\MFPE_CustomerApi
INFO  11:06:02 Content root path: C:\Users\mansi\source\repos\MFPE_CustomerApi
INFO  11:06:10 Get Api Initiated
INFO  11:45:23 Application started. Press Ctrl+C to shut down.
INFO  11:45:23 Application started. Press Ctrl+C to shut down.
INFO  11:45:23 Hosting environment: Development
INFO  11:45:23 Hosting environment: Development
INFO  11:45:23 Content root path: C:\Users\mansi\source\repos\MFPE_CustomerApi
INFO  11:45:23 Content root path: C:\Users\mansi\source\repos\MFPE_CustomerApi
INFO  11:47:00 Application started. Press Ctrl+C to shut down.
INFO  11:47:00 Application started. Press Ctrl+C to shut down.
INFO  11:47:00 Hosting environment: Development
INFO  11:47:00 Hosting environment: Development
INFO  11:47:00 Content root path: C:\Users\mansi\source\repos\MFPE_CustomerApi
INFO  11:47:00 Content root path: C:\Users\mansi\source\repos\MFPE_CustomerApi
INFO  11:48:44 Post Initiated
INFO  11:49:25 Post Initiated
INFO  11:49:40 Get Api Initiated
INFO  11:50:30 Get By Id Initiated
